# JRE version: Java(TM) SE Runtime Environment (17.0.1+12) (build 17.0.1+12-LTS-39)
# Java VM: Java HotSpot(TM) 64-Bit Server VM (17.0.1+12-LTS-39, mixed mode, sharing, tiered, compressed oops, compressed class ptrs, g1 gc, windows-amd64)
GC Precious Log:
 CPUs: 8 total, 8 available
 Memory: 8044M
 Large Page Support: Disabled
 NUMA Support: Disabled
 Compressed Oops: Enabled (32-bit)
 Heap Region Size: 1M
 Heap Min Capacity: 8M
 Heap Initial Capacity: 126M
 Heap Max Capacity: 2012M
 Pre-touch: Disabled
 Parallel Workers: 8
 Concurrent Workers: 2
 Concurrent Refinement Workers: 8
 Periodic GC: Disabled
Heap:
 garbage-first heap   total 129024K, used 7959K [0x0000000082400000, 0x0000000100000000)
  region size 1024K, 6 young (6144K), 2 survivors (2048K)
 Metaspace       used 11002K, committed 11200K, reserved 1064960K
  class space    used 866K, committed 960K, reserved 1048576K
GC Heap History (6 events):
Event: 1.729 GC heap before
{Heap before GC invocations=0 (full 0):
 garbage-first heap   total 129024K, used 22528K [0x0000000082400000, 0x0000000100000000)
  region size 1024K, 23 young (23552K), 0 survivors (0K)
 Metaspace       used 9635K, committed 9792K, reserved 1064960K
  class space    used 831K, committed 896K, reserved 1048576K
}
Event: 1.733 GC heap after
{Heap after GC invocations=1 (full 0):
 garbage-first heap   total 129024K, used 3678K [0x0000000082400000, 0x0000000100000000)
  region size 1024K, 3 young (3072K), 3 survivors (3072K)
 Metaspace       used 9635K, committed 9792K, reserved 1064960K
  class space    used 831K, committed 896K, reserved 1048576K
}
Event: 1.746 GC heap before
{Heap before GC invocations=1 (full 0):
 garbage-first heap   total 129024K, used 36446K [0x0000000082400000, 0x0000000100000000)
  region size 1024K, 35 young (35840K), 3 survivors (3072K)
 Metaspace       used 9648K, committed 9792K, reserved 1064960K
  class space    used 832K, committed 896K, reserved 1048576K
}
Event: 1.748 GC heap after
{Heap after GC invocations=2 (full 0):
 garbage-first heap   total 129024K, used 4088K [0x0000000082400000, 0x0000000100000000)
  region size 1024K, 1 young (1024K), 1 survivors (1024K)
 Metaspace       used 9648K, committed 9792K, reserved 1064960K
  class space    used 832K, committed 896K, reserved 1048576K
}
Event: 28.328 GC heap before
{Heap before GC invocations=2 (full 0):
 garbage-first heap   total 129024K, used 79864K [0x0000000082400000, 0x0000000100000000)
  region size 1024K, 75 young (76800K), 1 survivors (1024K)
 Metaspace       used 10992K, committed 11200K, reserved 1064960K
  class space    used 865K, committed 960K, reserved 1048576K
}
Event: 28.330 GC heap after
{Heap after GC invocations=3 (full 0):
 garbage-first heap   total 129024K, used 4887K [0x0000000082400000, 0x0000000100000000)
  region size 1024K, 2 young (2048K), 2 survivors (2048K)
 Metaspace       used 10992K, committed 11200K, reserved 1064960K
  class space    used 865K, committed 960K, reserved 1048576K
}

